# JRE version: OpenJDK Runtime Environment Temurin-17.0.15+6 (17.0.15+6) (build 17.0.15+6)
# Java VM: OpenJDK 64-Bit Server VM Temurin-17.0.15+6 (17.0.15+6, mixed mode, sharing, tiered, compressed oops, compressed class ptrs, g1 gc, linux-amd64)
GC Precious Log:
 CPUs: 96 total, 24 available
 Memory: 512G
 Large Page Support: Disabled
 NUMA Support: Disabled
 Compressed Oops: Enabled (Zero based)
 Heap Region Size: 16M
 Heap Min Capacity: 16M
 Heap Initial Capacity: 2G
 Heap Max Capacity: 30688M
 Pre-touch: Disabled
 Parallel Workers: 18
 Concurrent Workers: 5
 Concurrent Refinement Workers: 18
 Periodic GC: Disabled
Heap:
 garbage-first heap   total 2129920K, used 52990K [0x0000000082000000, 0x0000000800000000)
  region size 16384K, 4 young (65536K), 1 survivors (16384K)
 Metaspace       used 8247K, committed 8512K, reserved 1114112K
  class space    used 888K, committed 1024K, reserved 1048576K
GC Heap History (8 events):
Event: 5.952 GC heap before
{Heap before GC invocations=0 (full 0):
 garbage-first heap   total 2129920K, used 114612K [0x0000000082000000, 0x0000000800000000)
  region size 16384K, 6 young (98304K), 0 survivors (0K)
 Metaspace       used 6930K, committed 7168K, reserved 1114112K
  class space    used 799K, committed 896K, reserved 1048576K
}
Event: 5.970 GC heap after
{Heap after GC invocations=1 (full 0):
 garbage-first heap   total 2129920K, used 19530K [0x0000000082000000, 0x0000000800000000)
  region size 16384K, 1 young (16384K), 1 survivors (16384K)
 Metaspace       used 6930K, committed 7168K, reserved 1114112K
  class space    used 799K, committed 896K, reserved 1048576K
}
Event: 12.077 GC heap before
{Heap before GC invocations=1 (full 0):
 garbage-first heap   total 2129920K, used 101450K [0x0000000082000000, 0x0000000800000000)
  region size 16384K, 6 young (98304K), 1 survivors (16384K)
 Metaspace       used 7327K, committed 7552K, reserved 1114112K
  class space    used 823K, committed 896K, reserved 1048576K
}
Event: 12.089 GC heap after
{Heap after GC invocations=2 (full 0):
 garbage-first heap   total 2129920K, used 19549K [0x0000000082000000, 0x0000000800000000)
  region size 16384K, 1 young (16384K), 1 survivors (16384K)
 Metaspace       used 7327K, committed 7552K, reserved 1114112K
  class space    used 823K, committed 896K, reserved 1048576K
}
Event: 17.529 GC heap before
{Heap before GC invocations=2 (full 0):
 garbage-first heap   total 2129920K, used 216157K [0x0000000082000000, 0x0000000800000000)
  region size 16384K, 13 young (212992K), 1 survivors (16384K)
 Metaspace       used 7914K, committed 8128K, reserved 1114112K
  class space    used 863K, committed 960K, reserved 1048576K
}
Event: 17.569 GC heap after
{Heap after GC invocations=3 (full 0):
 garbage-first heap   total 2129920K, used 19737K [0x0000000082000000, 0x0000000800000000)
  region size 16384K, 1 young (16384K), 1 survivors (16384K)
 Metaspace       used 7914K, committed 8128K, reserved 1114112K
  class space    used 863K, committed 960K, reserved 1048576K
}
Event: 26.315 GC heap before
{Heap before GC invocations=3 (full 0):
 garbage-first heap   total 2129920K, used 1248537K [0x0000000082000000, 0x0000000800000000)
  region size 16384K, 76 young (1245184K), 1 survivors (16384K)
 Metaspace       used 8243K, committed 8512K, reserved 1114112K
  class space    used 888K, committed 1024K, reserved 1048576K
}
Event: 26.340 GC heap after
{Heap after GC invocations=4 (full 0):
 garbage-first heap   total 2129920K, used 20222K [0x0000000082000000, 0x0000000800000000)
  region size 16384K, 1 young (16384K), 1 survivors (16384K)
 Metaspace       used 8243K, committed 8512K, reserved 1114112K
  class space    used 888K, committed 1024K, reserved 1048576K
}

