# JRE version: OpenJDK Runtime Environment Temurin-17.0.15+6 (17.0.15+6) (build 17.0.15+6)
# Java VM: OpenJDK 64-Bit Server VM Temurin-17.0.15+6 (17.0.15+6, mixed mode, sharing, tiered, compressed oops, compressed class ptrs, g1 gc, linux-amd64)
GC Precious Log:
 CPUs: 96 total, 24 available
 Memory: 512G
 Large Page Support: Disabled
 NUMA Support: Disabled
 Compressed Oops: Enabled (Zero based)
 Heap Region Size: 16M
 Heap Min Capacity: 16M
 Heap Initial Capacity: 2G
 Heap Max Capacity: 30688M
 Pre-touch: Disabled
 Parallel Workers: 18
 Concurrent Workers: 5
 Concurrent Refinement Workers: 18
 Periodic GC: Disabled
Heap:
 garbage-first heap   total 2129920K, used 142601K [0x0000000082000000, 0x0000000800000000)
  region size 16384K, 1 young (16384K), 1 survivors (16384K)
 Metaspace       used 6980K, committed 7296K, reserved 1114112K
  class space    used 810K, committed 960K, reserved 1048576K
GC Heap History (11 events):
Event: 4.466 GC heap before
{Heap before GC invocations=0 (full 0):
 garbage-first heap   total 2129920K, used 114612K [0x0000000082000000, 0x0000000800000000)
  region size 16384K, 6 young (98304K), 0 survivors (0K)
 Metaspace       used 6016K, committed 6208K, reserved 1114112K
  class space    used 711K, committed 832K, reserved 1048576K
}
Event: 4.484 GC heap after
{Heap after GC invocations=1 (full 0):
 garbage-first heap   total 2129920K, used 18850K [0x0000000082000000, 0x0000000800000000)
  region size 16384K, 1 young (16384K), 1 survivors (16384K)
 Metaspace       used 6016K, committed 6208K, reserved 1114112K
  class space    used 711K, committed 832K, reserved 1048576K
}
Event: 7.898 GC heap before
{Heap before GC invocations=1 (full 0):
 garbage-first heap   total 2129920K, used 100770K [0x0000000082000000, 0x0000000800000000)
  region size 16384K, 6 young (98304K), 1 survivors (16384K)
 Metaspace       used 6975K, committed 7296K, reserved 1114112K
  class space    used 810K, committed 960K, reserved 1048576K
}
Event: 7.935 GC heap after
{Heap after GC invocations=2 (full 0):
 garbage-first heap   total 2129920K, used 23755K [0x0000000082000000, 0x0000000800000000)
  region size 16384K, 1 young (16384K), 1 survivors (16384K)
 Metaspace       used 6975K, committed 7296K, reserved 1114112K
  class space    used 810K, committed 960K, reserved 1048576K
}
Event: 8.081 GC heap before
{Heap before GC invocations=2 (full 0):
 garbage-first heap   total 2129920K, used 187595K [0x0000000082000000, 0x0000000800000000)
  region size 16384K, 11 young (180224K), 1 survivors (16384K)
 Metaspace       used 6980K, committed 7296K, reserved 1114112K
  class space    used 810K, committed 960K, reserved 1048576K
}
Event: 8.150 GC heap after
{Heap after GC invocations=3 (full 0):
 garbage-first heap   total 2129920K, used 68240K [0x0000000082000000, 0x0000000800000000)
  region size 16384K, 2 young (32768K), 2 survivors (32768K)
 Metaspace       used 6980K, committed 7296K, reserved 1114112K
  class space    used 810K, committed 960K, reserved 1048576K
}
Event: 8.157 GC heap before
{Heap before GC invocations=3 (full 0):
 garbage-first heap   total 2129920K, used 150160K [0x0000000082000000, 0x0000000800000000)
  region size 16384K, 7 young (114688K), 2 survivors (32768K)
 Metaspace       used 6980K, committed 7296K, reserved 1114112K
  class space    used 810K, committed 960K, reserved 1048576K
}
Event: 8.318 GC heap after
{Heap after GC invocations=4 (full 0):
 garbage-first heap   total 2129920K, used 91123K [0x0000000082000000, 0x0000000800000000)
  region size 16384K, 1 young (16384K), 1 survivors (16384K)
 Metaspace       used 6980K, committed 7296K, reserved 1114112K
  class space    used 810K, committed 960K, reserved 1048576K
}
Event: 8.334 GC heap before
{Heap before GC invocations=4 (full 0):
 garbage-first heap   total 2129920K, used 173043K [0x0000000082000000, 0x0000000800000000)
  region size 16384K, 6 young (98304K), 1 survivors (16384K)
 Metaspace       used 6980K, committed 7296K, reserved 1114112K
  class space    used 810K, committed 960K, reserved 1048576K
}
Event: 8.390 GC heap after
{Heap after GC invocations=5 (full 0):
 garbage-first heap   total 2129920K, used 113338K [0x0000000082000000, 0x0000000800000000)
  region size 16384K, 1 young (16384K), 1 survivors (16384K)
 Metaspace       used 6980K, committed 7296K, reserved 1114112K
  class space    used 810K, committed 960K, reserved 1048576K
}
Event: 8.413 GC heap before
{Heap before GC invocations=5 (full 0):
 garbage-first heap   total 2129920K, used 195258K [0x0000000082000000, 0x0000000800000000)
  region size 16384K, 7 young (114688K), 1 survivors (16384K)
 Metaspace       used 6980K, committed 7296K, reserved 1114112K
  class space    used 810K, committed 960K, reserved 1048576K
}

