# JRE version: OpenJDK Runtime Environment Temurin-17.0.15+6 (17.0.15+6) (build 17.0.15+6)
# Java VM: OpenJDK 64-Bit Server VM Temurin-17.0.15+6 (17.0.15+6, mixed mode, sharing, tiered, compressed oops, compressed class ptrs, g1 gc, linux-amd64)
GC Precious Log:
 CPUs: 96 total, 24 available
 Memory: 512G
 Large Page Support: Disabled
 NUMA Support: Disabled
 Compressed Oops: Enabled (Zero based)
 Heap Region Size: 16M
 Heap Min Capacity: 16M
 Heap Initial Capacity: 2G
 Heap Max Capacity: 30688M
 Pre-touch: Disabled
 Parallel Workers: 18
 Concurrent Workers: 5
 Concurrent Refinement Workers: 18
 Periodic GC: Disabled
Heap:
 garbage-first heap   total 2129920K, used 690750K [0x0000000082000000, 0x0000000800000000)
  region size 16384K, 43 young (704512K), 1 survivors (16384K)
 Metaspace       used 6580K, committed 6848K, reserved 1114112K
  class space    used 726K, committed 832K, reserved 1048576K
GC Heap History (10 events):
Event: 4.863 GC heap before
{Heap before GC invocations=0 (full 0):
 garbage-first heap   total 2129920K, used 114612K [0x0000000082000000, 0x0000000800000000)
  region size 16384K, 6 young (98304K), 0 survivors (0K)
 Metaspace       used 6500K, committed 6720K, reserved 1114112K
  class space    used 725K, committed 832K, reserved 1048576K
}
Event: 4.886 GC heap after
{Heap after GC invocations=1 (full 0):
 garbage-first heap   total 2129920K, used 19046K [0x0000000082000000, 0x0000000800000000)
  region size 16384K, 1 young (16384K), 1 survivors (16384K)
 Metaspace       used 6500K, committed 6720K, reserved 1114112K
  class space    used 725K, committed 832K, reserved 1048576K
}
Event: 5.282 GC heap before
{Heap before GC invocations=1 (full 0):
 garbage-first heap   total 2129920K, used 100966K [0x0000000082000000, 0x0000000800000000)
  region size 16384K, 6 young (98304K), 1 survivors (16384K)
 Metaspace       used 6520K, committed 6720K, reserved 1114112K
  class space    used 725K, committed 832K, reserved 1048576K
}
Event: 5.322 GC heap after
{Heap after GC invocations=2 (full 0):
 garbage-first heap   total 2129920K, used 19005K [0x0000000082000000, 0x0000000800000000)
  region size 16384K, 1 young (16384K), 1 survivors (16384K)
 Metaspace       used 6520K, committed 6720K, reserved 1114112K
  class space    used 725K, committed 832K, reserved 1048576K
}
Event: 5.705 GC heap before
{Heap before GC invocations=2 (full 0):
 garbage-first heap   total 2129920K, used 231997K [0x0000000082000000, 0x0000000800000000)
  region size 16384K, 14 young (229376K), 1 survivors (16384K)
 Metaspace       used 6520K, committed 6720K, reserved 1114112K
  class space    used 725K, committed 832K, reserved 1048576K
}
Event: 5.718 GC heap after
{Heap after GC invocations=3 (full 0):
 garbage-first heap   total 2129920K, used 19034K [0x0000000082000000, 0x0000000800000000)
  region size 16384K, 1 young (16384K), 1 survivors (16384K)
 Metaspace       used 6520K, committed 6720K, reserved 1114112K
  class space    used 725K, committed 832K, reserved 1048576K
}
Event: 9.051 GC heap before
{Heap before GC invocations=3 (full 0):
 garbage-first heap   total 2129920K, used 1247834K [0x0000000082000000, 0x0000000800000000)
  region size 16384K, 76 young (1245184K), 1 survivors (16384K)
 Metaspace       used 6523K, committed 6720K, reserved 1114112K
  class space    used 725K, committed 832K, reserved 1048576K
}
Event: 9.058 GC heap after
{Heap after GC invocations=4 (full 0):
 garbage-first heap   total 2129920K, used 19002K [0x0000000082000000, 0x0000000800000000)
  region size 16384K, 1 young (16384K), 1 survivors (16384K)
 Metaspace       used 6523K, committed 6720K, reserved 1114112K
  class space    used 725K, committed 832K, reserved 1048576K
}
Event: 9.589 GC heap before
{Heap before GC invocations=4 (full 0):
 garbage-first heap   total 2129920K, used 1247802K [0x0000000082000000, 0x0000000800000000)
  region size 16384K, 76 young (1245184K), 1 survivors (16384K)
 Metaspace       used 6527K, committed 6720K, reserved 1114112K
  class space    used 725K, committed 832K, reserved 1048576K
}
Event: 9.596 GC heap after
{Heap after GC invocations=5 (full 0):
 garbage-first heap   total 2129920K, used 19006K [0x0000000082000000, 0x0000000800000000)
  region size 16384K, 1 young (16384K), 1 survivors (16384K)
 Metaspace       used 6527K, committed 6720K, reserved 1114112K
  class space    used 725K, committed 832K, reserved 1048576K
}

