# JRE version: OpenJDK Runtime Environment Temurin-17.0.15+6 (17.0.15+6) (build 17.0.15+6)
# Java VM: OpenJDK 64-Bit Server VM Temurin-17.0.15+6 (17.0.15+6, mixed mode, sharing, tiered, compressed oops, compressed class ptrs, g1 gc, linux-amd64)
GC Precious Log:
 CPUs: 96 total, 24 available
 Memory: 512G
 Large Page Support: Disabled
 NUMA Support: Disabled
 Compressed Oops: Enabled (Zero based)
 Heap Region Size: 16M
 Heap Min Capacity: 16M
 Heap Initial Capacity: 2G
 Heap Max Capacity: 30688M
 Pre-touch: Disabled
 Parallel Workers: 18
 Concurrent Workers: 5
 Concurrent Refinement Workers: 18
 Periodic GC: Disabled
Heap:
 garbage-first heap   total 1130496K, used 298052K [0x0000000082000000, 0x0000000800000000)
  region size 16384K, 2 young (32768K), 2 survivors (32768K)
 Metaspace       used 7288K, committed 7552K, reserved 1114112K
  class space    used 781K, committed 896K, reserved 1048576K
GC Heap History (20 events):
Event: 8.292 GC heap after
{Heap after GC invocations=30 (full 28):
 garbage-first heap   total 163840K, used 19430K [0x0000000082000000, 0x0000000800000000)
  region size 16384K, 0 young (0K), 0 survivors (0K)
 Metaspace       used 6698K, committed 6848K, reserved 1114112K
  class space    used 741K, committed 832K, reserved 1048576K
}
Event: 9.100 GC heap before
{Heap before GC invocations=30 (full 28):
 garbage-first heap   total 163840K, used 35814K [0x0000000082000000, 0x0000000800000000)
  region size 16384K, 1 young (16384K), 0 survivors (0K)
 Metaspace       used 6814K, committed 6976K, reserved 1114112K
  class space    used 749K, committed 832K, reserved 1048576K
}
Event: 9.101 GC heap after
{Heap after GC invocations=31 (full 28):
 garbage-first heap   total 163840K, used 19577K [0x0000000082000000, 0x0000000800000000)
  region size 16384K, 1 young (16384K), 1 survivors (16384K)
 Metaspace       used 6814K, committed 6976K, reserved 1114112K
  class space    used 749K, committed 832K, reserved 1048576K
}
Event: 9.103 GC heap before
{Heap before GC invocations=31 (full 28):
 garbage-first heap   total 163840K, used 19577K [0x0000000082000000, 0x0000000800000000)
  region size 16384K, 2 young (32768K), 1 survivors (16384K)
 Metaspace       used 6814K, committed 6976K, reserved 1114112K
  class space    used 749K, committed 832K, reserved 1048576K
}
Event: 9.125 GC heap after
{Heap after GC invocations=32 (full 29):
 garbage-first heap   total 163840K, used 19553K [0x0000000082000000, 0x0000000800000000)
  region size 16384K, 0 young (0K), 0 survivors (0K)
 Metaspace       used 6814K, committed 6976K, reserved 1114112K
  class space    used 749K, committed 832K, reserved 1048576K
}
Event: 9.127 GC heap before
{Heap before GC invocations=32 (full 29):
 garbage-first heap   total 163840K, used 19553K [0x0000000082000000, 0x0000000800000000)
  region size 16384K, 1 young (16384K), 0 survivors (0K)
 Metaspace       used 6814K, committed 6976K, reserved 1114112K
  class space    used 749K, committed 832K, reserved 1048576K
}
Event: 9.149 GC heap after
{Heap after GC invocations=33 (full 30):
 garbage-first heap   total 163840K, used 19551K [0x0000000082000000, 0x0000000800000000)
  region size 16384K, 0 young (0K), 0 survivors (0K)
 Metaspace       used 6814K, committed 6976K, reserved 1114112K
  class space    used 749K, committed 832K, reserved 1048576K
}
Event: 9.149 GC heap before
{Heap before GC invocations=33 (full 30):
 garbage-first heap   total 163840K, used 19551K [0x0000000082000000, 0x0000000800000000)
  region size 16384K, 1 young (16384K), 0 survivors (0K)
 Metaspace       used 6814K, committed 6976K, reserved 1114112K
  class space    used 749K, committed 832K, reserved 1048576K
}
Event: 9.172 GC heap after
{Heap after GC invocations=34 (full 31):
 garbage-first heap   total 163840K, used 19551K [0x0000000082000000, 0x0000000800000000)
  region size 16384K, 0 young (0K), 0 survivors (0K)
 Metaspace       used 6814K, committed 6976K, reserved 1114112K
  class space    used 749K, committed 832K, reserved 1048576K
}
Event: 9.456 GC heap before
{Heap before GC invocations=34 (full 31):
 garbage-first heap   total 163840K, used 35935K [0x0000000082000000, 0x0000000800000000)
  region size 16384K, 1 young (16384K), 0 survivors (0K)
 Metaspace       used 6865K, committed 7104K, reserved 1114112K
  class space    used 751K, committed 832K, reserved 1048576K
}
Event: 9.465 GC heap after
{Heap after GC invocations=35 (full 31):
 garbage-first heap   total 1130496K, used 19613K [0x0000000082000000, 0x0000000800000000)
  region size 16384K, 1 young (16384K), 1 survivors (16384K)
 Metaspace       used 6865K, committed 7104K, reserved 1114112K
  class space    used 751K, committed 832K, reserved 1048576K
}
Event: 11.590 GC heap before
{Heap before GC invocations=35 (full 31):
 garbage-first heap   total 1130496K, used 85149K [0x0000000082000000, 0x0000000800000000)
  region size 16384K, 5 young (81920K), 1 survivors (16384K)
 Metaspace       used 7282K, committed 7552K, reserved 1114112K
  class space    used 781K, committed 896K, reserved 1048576K
}
Event: 11.601 GC heap after
{Heap after GC invocations=36 (full 31):
 garbage-first heap   total 1130496K, used 20659K [0x0000000082000000, 0x0000000800000000)
  region size 16384K, 1 young (16384K), 1 survivors (16384K)
 Metaspace       used 7282K, committed 7552K, reserved 1114112K
  class space    used 781K, committed 896K, reserved 1048576K
}
Event: 12.026 GC heap before
{Heap before GC invocations=36 (full 31):
 garbage-first heap   total 1130496K, used 659635K [0x0000000082000000, 0x0000000800000000)
  region size 16384K, 41 young (671744K), 1 survivors (16384K)
 Metaspace       used 7288K, committed 7552K, reserved 1114112K
  class space    used 781K, committed 896K, reserved 1048576K
}
Event: 12.171 GC heap after
{Heap after GC invocations=37 (full 31):
 garbage-first heap   total 1130496K, used 199960K [0x0000000082000000, 0x0000000800000000)
  region size 16384K, 6 young (98304K), 6 survivors (98304K)
 Metaspace       used 7288K, committed 7552K, reserved 1114112K
  class space    used 781K, committed 896K, reserved 1048576K
}
Event: 12.196 GC heap before
{Heap before GC invocations=37 (full 31):
 garbage-first heap   total 1130496K, used 281880K [0x0000000082000000, 0x0000000800000000)
  region size 16384K, 11 young (180224K), 6 survivors (98304K)
 Metaspace       used 7288K, committed 7552K, reserved 1114112K
  class space    used 781K, committed 896K, reserved 1048576K
}
Event: 12.270 GC heap after
{Heap after GC invocations=38 (full 31):
 garbage-first heap   total 1130496K, used 228714K [0x0000000082000000, 0x0000000800000000)
  region size 16384K, 2 young (32768K), 2 survivors (32768K)
 Metaspace       used 7288K, committed 7552K, reserved 1114112K
  class space    used 781K, committed 896K, reserved 1048576K
}
Event: 12.276 GC heap before
{Heap before GC invocations=38 (full 31):
 garbage-first heap   total 1130496K, used 310634K [0x0000000082000000, 0x0000000800000000)
  region size 16384K, 7 young (114688K), 2 survivors (32768K)
 Metaspace       used 7288K, committed 7552K, reserved 1114112K
  class space    used 781K, committed 896K, reserved 1048576K
}
Event: 12.333 GC heap after
{Heap after GC invocations=39 (full 31):
 garbage-first heap   total 1130496K, used 261672K [0x0000000082000000, 0x0000000800000000)
  region size 16384K, 1 young (16384K), 1 survivors (16384K)
 Metaspace       used 7288K, committed 7552K, reserved 1114112K
  class space    used 781K, committed 896K, reserved 1048576K
}
Event: 12.350 GC heap before
{Heap before GC invocations=39 (full 31):
 garbage-first heap   total 1130496K, used 392744K [0x0000000082000000, 0x0000000800000000)
  region size 16384K, 9 young (147456K), 1 survivors (16384K)
 Metaspace       used 7288K, committed 7552K, reserved 1114112K
  class space    used 781K, committed 896K, reserved 1048576K
}

