# JRE version: OpenJDK Runtime Environment Temurin-17.0.15+6 (17.0.15+6) (build 17.0.15+6)
# Java VM: OpenJDK 64-Bit Server VM Temurin-17.0.15+6 (17.0.15+6, mixed mode, sharing, tiered, compressed oops, compressed class ptrs, g1 gc, linux-amd64)
GC Precious Log:
 CPUs: 96 total, 24 available
 Memory: 512G
 Large Page Support: Disabled
 NUMA Support: Disabled
 Compressed Oops: Enabled (Zero based)
 Heap Region Size: 16M
 Heap Min Capacity: 16M
 Heap Initial Capacity: 2G
 Heap Max Capacity: 30688M
 Pre-touch: Disabled
 Parallel Workers: 18
 Concurrent Workers: 5
 Concurrent Refinement Workers: 18
 Periodic GC: Disabled
Heap:
 garbage-first heap   total 2129920K, used 128460K [0x0000000082000000, 0x0000000800000000)
  region size 16384K, 1 young (16384K), 1 survivors (16384K)
 Metaspace       used 5405K, committed 5568K, reserved 1114112K
  class space    used 649K, committed 704K, reserved 1048576K
GC Heap History (9 events):
Event: 3.136 GC heap before
{Heap before GC invocations=0 (full 0):
 garbage-first heap   total 2129920K, used 114612K [0x0000000082000000, 0x0000000800000000)
  region size 16384K, 6 young (98304K), 0 survivors (0K)
 Metaspace       used 5403K, committed 5568K, reserved 1114112K
  class space    used 649K, committed 704K, reserved 1048576K
}
Event: 3.178 GC heap after
{Heap after GC invocations=1 (full 0):
 garbage-first heap   total 2129920K, used 38316K [0x0000000082000000, 0x0000000800000000)
  region size 16384K, 1 young (16384K), 1 survivors (16384K)
 Metaspace       used 5403K, committed 5568K, reserved 1114112K
  class space    used 649K, committed 704K, reserved 1048576K
}
Event: 3.334 GC heap before
{Heap before GC invocations=1 (full 0):
 garbage-first heap   total 2129920K, used 103852K [0x0000000082000000, 0x0000000800000000)
  region size 16384K, 6 young (98304K), 1 survivors (16384K)
 Metaspace       used 5405K, committed 5568K, reserved 1114112K
  class space    used 649K, committed 704K, reserved 1048576K
}
Event: 3.358 GC heap after
{Heap after GC invocations=2 (full 0):
 garbage-first heap   total 2129920K, used 60243K [0x0000000082000000, 0x0000000800000000)
  region size 16384K, 1 young (16384K), 1 survivors (16384K)
 Metaspace       used 5405K, committed 5568K, reserved 1114112K
  class space    used 649K, committed 704K, reserved 1048576K
}
Event: 3.366 GC heap before
{Heap before GC invocations=2 (full 0):
 garbage-first heap   total 2129920K, used 142163K [0x0000000082000000, 0x0000000800000000)
  region size 16384K, 6 young (98304K), 1 survivors (16384K)
 Metaspace       used 5405K, committed 5568K, reserved 1114112K
  class space    used 649K, committed 704K, reserved 1048576K
}
Event: 3.385 GC heap after
{Heap after GC invocations=3 (full 0):
 garbage-first heap   total 2129920K, used 82820K [0x0000000082000000, 0x0000000800000000)
  region size 16384K, 1 young (16384K), 1 survivors (16384K)
 Metaspace       used 5405K, committed 5568K, reserved 1114112K
  class space    used 649K, committed 704K, reserved 1048576K
}
Event: 3.394 GC heap before
{Heap before GC invocations=3 (full 0):
 garbage-first heap   total 2129920K, used 164740K [0x0000000082000000, 0x0000000800000000)
  region size 16384K, 6 young (98304K), 1 survivors (16384K)
 Metaspace       used 5405K, committed 5568K, reserved 1114112K
  class space    used 649K, committed 704K, reserved 1048576K
}
Event: 3.422 GC heap after
{Heap after GC invocations=4 (full 0):
 garbage-first heap   total 2129920K, used 105408K [0x0000000082000000, 0x0000000800000000)
  region size 16384K, 1 young (16384K), 1 survivors (16384K)
 Metaspace       used 5405K, committed 5568K, reserved 1114112K
  class space    used 649K, committed 704K, reserved 1048576K
}
Event: 3.448 GC heap before
{Heap before GC invocations=4 (full 0):
 garbage-first heap   total 2129920K, used 187328K [0x0000000082000000, 0x0000000800000000)
  region size 16384K, 6 young (98304K), 1 survivors (16384K)
 Metaspace       used 5405K, committed 5568K, reserved 1114112K
  class space    used 649K, committed 704K, reserved 1048576K
}

